This file contains any messages produced by compilers while
running configure, to aid debugging if configure makes a mistake.

It was created by linkloop configure 1.0.1-hp, which was
generated by GNU Autoconf 2.69.  Invocation command line was

  $ ./configure 

## --------- ##
## Platform. ##
## --------- ##

hostname = node-2.domain.tld
uname -m = x86_64
uname -r = 3.10.0-514.26.2.el7.len.x86_64
uname -s = Linux
uname -v = #1 SMP Wed Jul 26 03:58:53 EDT 2017

/usr/bin/uname -p = x86_64
/bin/uname -X     = unknown

/bin/arch              = x86_64
/usr/bin/arch -k       = unknown
/usr/convex/getsysinfo = unknown
/usr/bin/hostinfo      = unknown
/bin/machine           = unknown
/usr/bin/oslevel       = unknown
/bin/universe          = unknown

PATH: /usr/local/sbin
PATH: /usr/local/bin
PATH: /usr/sbin
PATH: /usr/bin
PATH: /root/.local/bin
PATH: /root/bin


## ----------- ##
## Core tests. ##
## ----------- ##

configure:2245: checking for a BSD-compatible install
configure:2313: result: /usr/bin/install -c
configure:2324: checking whether build environment is sane
configure:2379: result: yes
configure:2417: WARNING: 'missing' script is too old or missing
configure:2530: checking for a thread-safe mkdir -p
configure:2569: result: /usr/bin/mkdir -p
configure:2576: checking for gawk
configure:2592: found /usr/bin/gawk
configure:2603: result: gawk
configure:2614: checking whether make sets $(MAKE)
configure:2636: result: yes
configure:2665: checking whether make supports nested variables
configure:2682: result: yes
configure:2772: checking for gawk
configure:2799: result: gawk
configure:2858: checking for gcc
configure:2874: found /usr/bin/gcc
configure:2885: result: gcc
configure:3114: checking for C compiler version
configure:3123: gcc --version >&5
gcc (GCC) 4.8.5 20150623 (Red Hat 4.8.5-16)
Copyright (C) 2015 Free Software Foundation, Inc.
This is free software; see the source for copying conditions.  There is NO
warranty; not even for MERCHANTABILITY or FITNESS FOR A PARTICULAR PURPOSE.

configure:3134: $? = 0
configure:3123: gcc -v >&5
Using built-in specs.
COLLECT_GCC=gcc
COLLECT_LTO_WRAPPER=/usr/libexec/gcc/x86_64-redhat-linux/4.8.5/lto-wrapper
Target: x86_64-redhat-linux
Configured with: ../configure --prefix=/usr --mandir=/usr/share/man --infodir=/usr/share/info --with-bugurl=http://bugzilla.redhat.com/bugzilla --enable-bootstrap --enable-shared --enable-threads=posix --enable-checking=release --with-system-zlib --enable-__cxa_atexit --disable-libunwind-exceptions --enable-gnu-unique-object --enable-linker-build-id --with-linker-hash-style=gnu --enable-languages=c,c++,objc,obj-c++,java,fortran,ada,go,lto --enable-plugin --enable-initfini-array --disable-libgcj --with-isl=/builddir/build/BUILD/gcc-4.8.5-20150702/obj-x86_64-redhat-linux/isl-install --with-cloog=/builddir/build/BUILD/gcc-4.8.5-20150702/obj-x86_64-redhat-linux/cloog-install --enable-gnu-indirect-function --with-tune=generic --with-arch_32=x86-64 --build=x86_64-redhat-linux
Thread model: posix
gcc version 4.8.5 20150623 (Red Hat 4.8.5-16) (GCC) 
configure:3134: $? = 0
configure:3123: gcc -V >&5
gcc: error: unrecognized command line option '-V'
gcc: fatal error: no input files
compilation terminated.
configure:3134: $? = 4
configure:3123: gcc -qversion >&5
gcc: error: unrecognized command line option '-qversion'
gcc: fatal error: no input files
compilation terminated.
configure:3134: $? = 4
configure:3154: checking whether the C compiler works
configure:3176: gcc    conftest.c  >&5
configure:3180: $? = 0
configure:3228: result: yes
configure:3231: checking for C compiler default output file name
configure:3233: result: a.out
configure:3239: checking for suffix of executables
configure:3246: gcc -o conftest    conftest.c  >&5
configure:3250: $? = 0
configure:3272: result: 
configure:3294: checking whether we are cross compiling
configure:3302: gcc -o conftest    conftest.c  >&5
configure:3306: $? = 0
configure:3313: ./conftest
configure:3317: $? = 0
configure:3332: result: no
configure:3337: checking for suffix of object files
configure:3359: gcc -c   conftest.c >&5
configure:3363: $? = 0
configure:3384: result: o
configure:3388: checking whether we are using the GNU C compiler
configure:3407: gcc -c   conftest.c >&5
configure:3407: $? = 0
configure:3416: result: yes
configure:3425: checking whether gcc accepts -g
configure:3445: gcc -c -g  conftest.c >&5
configure:3445: $? = 0
configure:3486: result: yes
configure:3503: checking for gcc option to accept ISO C89
configure:3566: gcc  -c -g -O2  conftest.c >&5
configure:3566: $? = 0
configure:3579: result: none needed
configure:3610: checking for style of include used by make
configure:3638: result: GNU
configure:3664: checking dependency style of gcc
configure:3775: result: gcc3
configure:3796: checking how to run the C preprocessor
configure:3827: gcc -E  conftest.c
configure:3827: $? = 0
configure:3841: gcc -E  conftest.c
conftest.c:11:28: fatal error: ac_nonexistent.h: No such file or directory
 #include <ac_nonexistent.h>
                            ^
compilation terminated.
configure:3841: $? = 1
configure: failed program was:
| /* confdefs.h */
| #define PACKAGE_NAME "linkloop"
| #define PACKAGE_TARNAME "linkloop"
| #define PACKAGE_VERSION "1.0.1-hp"
| #define PACKAGE_STRING "linkloop 1.0.1-hp"
| #define PACKAGE_BUGREPORT "Dominique.Domet-de-Mont@hp.com"
| #define PACKAGE_URL ""
| #define PACKAGE "linkloop"
| #define VERSION "1.0.1-hp"
| /* end confdefs.h.  */
| #include <ac_nonexistent.h>
configure:3866: result: gcc -E
configure:3886: gcc -E  conftest.c
configure:3886: $? = 0
configure:3900: gcc -E  conftest.c
conftest.c:11:28: fatal error: ac_nonexistent.h: No such file or directory
 #include <ac_nonexistent.h>
                            ^
compilation terminated.
configure:3900: $? = 1
configure: failed program was:
| /* confdefs.h */
| #define PACKAGE_NAME "linkloop"
| #define PACKAGE_TARNAME "linkloop"
| #define PACKAGE_VERSION "1.0.1-hp"
| #define PACKAGE_STRING "linkloop 1.0.1-hp"
| #define PACKAGE_BUGREPORT "Dominique.Domet-de-Mont@hp.com"
| #define PACKAGE_URL ""
| #define PACKAGE "linkloop"
| #define VERSION "1.0.1-hp"
| /* end confdefs.h.  */
| #include <ac_nonexistent.h>
configure:3934: checking for grep that handles long lines and -e
configure:3992: result: /usr/bin/grep
configure:3997: checking for egrep
configure:4059: result: /usr/bin/grep -E
configure:4064: checking for ANSI C header files
configure:4084: gcc -c -g -O2  conftest.c >&5
configure:4084: $? = 0
configure:4157: gcc -o conftest -g -O2   conftest.c  >&5
configure:4157: $? = 0
configure:4157: ./conftest
configure:4157: $? = 0
configure:4168: result: yes
configure:4181: checking for sys/types.h
configure:4181: gcc -c -g -O2  conftest.c >&5
configure:4181: $? = 0
configure:4181: result: yes
configure:4181: checking for sys/stat.h
configure:4181: gcc -c -g -O2  conftest.c >&5
configure:4181: $? = 0
configure:4181: result: yes
configure:4181: checking for stdlib.h
configure:4181: gcc -c -g -O2  conftest.c >&5
configure:4181: $? = 0
configure:4181: result: yes
configure:4181: checking for string.h
configure:4181: gcc -c -g -O2  conftest.c >&5
configure:4181: $? = 0
configure:4181: result: yes
configure:4181: checking for memory.h
configure:4181: gcc -c -g -O2  conftest.c >&5
configure:4181: $? = 0
configure:4181: result: yes
configure:4181: checking for strings.h
configure:4181: gcc -c -g -O2  conftest.c >&5
configure:4181: $? = 0
configure:4181: result: yes
configure:4181: checking for inttypes.h
configure:4181: gcc -c -g -O2  conftest.c >&5
configure:4181: $? = 0
configure:4181: result: yes
configure:4181: checking for stdint.h
configure:4181: gcc -c -g -O2  conftest.c >&5
configure:4181: $? = 0
configure:4181: result: yes
configure:4181: checking for unistd.h
configure:4181: gcc -c -g -O2  conftest.c >&5
configure:4181: $? = 0
configure:4181: result: yes
configure:4196: checking arpa/inet.h usability
configure:4196: gcc -c -g -O2  conftest.c >&5
configure:4196: $? = 0
configure:4196: result: yes
configure:4196: checking arpa/inet.h presence
configure:4196: gcc -E  conftest.c
configure:4196: $? = 0
configure:4196: result: yes
configure:4196: checking for arpa/inet.h
configure:4196: result: yes
configure:4196: checking netinet/in.h usability
configure:4196: gcc -c -g -O2  conftest.c >&5
configure:4196: $? = 0
configure:4196: result: yes
configure:4196: checking netinet/in.h presence
configure:4196: gcc -E  conftest.c
configure:4196: $? = 0
configure:4196: result: yes
configure:4196: checking for netinet/in.h
configure:4196: result: yes
configure:4196: checking for stdlib.h
configure:4196: result: yes
configure:4196: checking for string.h
configure:4196: result: yes
configure:4196: checking sys/ioctl.h usability
configure:4196: gcc -c -g -O2  conftest.c >&5
configure:4196: $? = 0
configure:4196: result: yes
configure:4196: checking sys/ioctl.h presence
configure:4196: gcc -E  conftest.c
configure:4196: $? = 0
configure:4196: result: yes
configure:4196: checking for sys/ioctl.h
configure:4196: result: yes
configure:4196: checking sys/socket.h usability
configure:4196: gcc -c -g -O2  conftest.c >&5
configure:4196: $? = 0
configure:4196: result: yes
configure:4196: checking sys/socket.h presence
configure:4196: gcc -E  conftest.c
configure:4196: $? = 0
configure:4196: result: yes
configure:4196: checking for sys/socket.h
configure:4196: result: yes
configure:4196: checking for unistd.h
configure:4196: result: yes
configure:4208: checking for an ANSI C-conforming const
configure:4274: gcc -c -g -O2  conftest.c >&5
configure:4274: $? = 0
configure:4281: result: yes
configure:4289: checking for size_t
configure:4289: gcc -c -g -O2  conftest.c >&5
configure:4289: $? = 0
configure:4289: gcc -c -g -O2  conftest.c >&5
conftest.c: In function 'main':
conftest.c:64:21: error: expected expression before ')' token
 if (sizeof ((size_t)))
                     ^
configure:4289: $? = 1
configure: failed program was:
| /* confdefs.h */
| #define PACKAGE_NAME "linkloop"
| #define PACKAGE_TARNAME "linkloop"
| #define PACKAGE_VERSION "1.0.1-hp"
| #define PACKAGE_STRING "linkloop 1.0.1-hp"
| #define PACKAGE_BUGREPORT "Dominique.Domet-de-Mont@hp.com"
| #define PACKAGE_URL ""
| #define PACKAGE "linkloop"
| #define VERSION "1.0.1-hp"
| #define STDC_HEADERS 1
| #define HAVE_SYS_TYPES_H 1
| #define HAVE_SYS_STAT_H 1
| #define HAVE_STDLIB_H 1
| #define HAVE_STRING_H 1
| #define HAVE_MEMORY_H 1
| #define HAVE_STRINGS_H 1
| #define HAVE_INTTYPES_H 1
| #define HAVE_STDINT_H 1
| #define HAVE_UNISTD_H 1
| #define HAVE_ARPA_INET_H 1
| #define HAVE_NETINET_IN_H 1
| #define HAVE_STDLIB_H 1
| #define HAVE_STRING_H 1
| #define HAVE_SYS_IOCTL_H 1
| #define HAVE_SYS_SOCKET_H 1
| #define HAVE_UNISTD_H 1
| /* end confdefs.h.  */
| #include <stdio.h>
| #ifdef HAVE_SYS_TYPES_H
| # include <sys/types.h>
| #endif
| #ifdef HAVE_SYS_STAT_H
| # include <sys/stat.h>
| #endif
| #ifdef STDC_HEADERS
| # include <stdlib.h>
| # include <stddef.h>
| #else
| # ifdef HAVE_STDLIB_H
| #  include <stdlib.h>
| # endif
| #endif
| #ifdef HAVE_STRING_H
| # if !defined STDC_HEADERS && defined HAVE_MEMORY_H
| #  include <memory.h>
| # endif
| # include <string.h>
| #endif
| #ifdef HAVE_STRINGS_H
| # include <strings.h>
| #endif
| #ifdef HAVE_INTTYPES_H
| # include <inttypes.h>
| #endif
| #ifdef HAVE_STDINT_H
| # include <stdint.h>
| #endif
| #ifdef HAVE_UNISTD_H
| # include <unistd.h>
| #endif
| int
| main ()
| {
| if (sizeof ((size_t)))
| 	    return 0;
|   ;
|   return 0;
| }
configure:4289: result: yes
configure:4303: checking whether gcc needs -traditional
configure:4337: result: no
configure:4344: checking for working memcmp
configure:4387: gcc -o conftest -g -O2   conftest.c  >&5
configure:4387: $? = 0
configure:4387: ./conftest
configure:4387: $? = 0
configure:4397: result: yes
configure:4409: checking for alarm
configure:4409: gcc -o conftest -g -O2   conftest.c  >&5
configure:4409: $? = 0
configure:4409: result: yes
configure:4409: checking for bzero
configure:4409: gcc -o conftest -g -O2   conftest.c  >&5
conftest.c:52:6: warning: conflicting types for built-in function 'bzero' [enabled by default]
 char bzero ();
      ^
configure:4409: $? = 0
configure:4409: result: yes
configure:4409: checking for socket
configure:4409: gcc -o conftest -g -O2   conftest.c  >&5
configure:4409: $? = 0
configure:4409: result: yes
configure:4409: checking for ether_hostton
configure:4409: gcc -o conftest -g -O2   conftest.c  >&5
configure:4409: $? = 0
configure:4409: result: yes
configure:4409: checking for strtol
configure:4409: gcc -o conftest -g -O2   conftest.c  >&5
configure:4409: $? = 0
configure:4409: result: yes
configure:4529: checking that generated files are newer than configure
configure:4535: result: done
configure:4558: creating ./config.status

## ---------------------- ##
## Running config.status. ##
## ---------------------- ##

This file was extended by linkloop config.status 1.0.1-hp, which was
generated by GNU Autoconf 2.69.  Invocation command line was

  CONFIG_FILES    = 
  CONFIG_HEADERS  = 
  CONFIG_LINKS    = 
  CONFIG_COMMANDS = 
  $ ./config.status 

on node-2.domain.tld

config.status:864: creating Makefile
config.status:864: creating config.h
config.status:1093: executing depfiles commands

## ---------------- ##
## Cache variables. ##
## ---------------- ##

ac_cv_c_compiler_gnu=yes
ac_cv_c_const=yes
ac_cv_env_CC_set=
ac_cv_env_CC_value=
ac_cv_env_CFLAGS_set=
ac_cv_env_CFLAGS_value=
ac_cv_env_CPPFLAGS_set=
ac_cv_env_CPPFLAGS_value=
ac_cv_env_CPP_set=
ac_cv_env_CPP_value=
ac_cv_env_LDFLAGS_set=
ac_cv_env_LDFLAGS_value=
ac_cv_env_LIBS_set=
ac_cv_env_LIBS_value=
ac_cv_env_build_alias_set=
ac_cv_env_build_alias_value=
ac_cv_env_host_alias_set=
ac_cv_env_host_alias_value=
ac_cv_env_target_alias_set=
ac_cv_env_target_alias_value=
ac_cv_func_alarm=yes
ac_cv_func_bzero=yes
ac_cv_func_ether_hostton=yes
ac_cv_func_memcmp_working=yes
ac_cv_func_socket=yes
ac_cv_func_strtol=yes
ac_cv_header_arpa_inet_h=yes
ac_cv_header_inttypes_h=yes
ac_cv_header_memory_h=yes
ac_cv_header_netinet_in_h=yes
ac_cv_header_stdc=yes
ac_cv_header_stdint_h=yes
ac_cv_header_stdlib_h=yes
ac_cv_header_string_h=yes
ac_cv_header_strings_h=yes
ac_cv_header_sys_ioctl_h=yes
ac_cv_header_sys_socket_h=yes
ac_cv_header_sys_stat_h=yes
ac_cv_header_sys_types_h=yes
ac_cv_header_unistd_h=yes
ac_cv_objext=o
ac_cv_path_EGREP='/usr/bin/grep -E'
ac_cv_path_GREP=/usr/bin/grep
ac_cv_path_install='/usr/bin/install -c'
ac_cv_path_mkdir=/usr/bin/mkdir
ac_cv_prog_AWK=gawk
ac_cv_prog_CPP='gcc -E'
ac_cv_prog_ac_ct_CC=gcc
ac_cv_prog_cc_c89=
ac_cv_prog_cc_g=yes
ac_cv_prog_gcc_traditional=no
ac_cv_prog_make_make_set=yes
ac_cv_type_size_t=yes
am_cv_CC_dependencies_compiler_type=gcc3
am_cv_make_support_nested_variables=yes

## ----------------- ##
## Output variables. ##
## ----------------- ##

ACLOCAL='aclocal-1.13'
AMDEPBACKSLASH='\'
AMDEP_FALSE='#'
AMDEP_TRUE=''
AMTAR='$${TAR-tar}'
AM_BACKSLASH='\'
AM_DEFAULT_V='$(AM_DEFAULT_VERBOSITY)'
AM_DEFAULT_VERBOSITY='1'
AM_V='$(V)'
AUTOCONF='autoconf'
AUTOHEADER='autoheader'
AUTOMAKE='automake-1.13'
AWK='gawk'
CC='gcc'
CCDEPMODE='depmode=gcc3'
CFLAGS='-g -O2'
CPP='gcc -E'
CPPFLAGS=''
CYGPATH_W='echo'
DEFS='-DHAVE_CONFIG_H'
DEPDIR='.deps'
ECHO_C=''
ECHO_N='-n'
ECHO_T=''
EGREP='/usr/bin/grep -E'
EXEEXT=''
GREP='/usr/bin/grep'
INSTALL_DATA='${INSTALL} -m 644'
INSTALL_PROGRAM='${INSTALL}'
INSTALL_SCRIPT='${INSTALL}'
INSTALL_STRIP_PROGRAM='$(install_sh) -c -s'
LDFLAGS=''
LIBOBJS=''
LIBS=''
LTLIBOBJS=''
MAKEINFO='makeinfo'
MKDIR_P='/usr/bin/mkdir -p'
OBJEXT='o'
PACKAGE='linkloop'
PACKAGE_BUGREPORT='Dominique.Domet-de-Mont@hp.com'
PACKAGE_NAME='linkloop'
PACKAGE_STRING='linkloop 1.0.1-hp'
PACKAGE_TARNAME='linkloop'
PACKAGE_URL=''
PACKAGE_VERSION='1.0.1-hp'
PATH_SEPARATOR=':'
SET_MAKE=''
SHELL='/bin/sh'
STRIP=''
VERSION='1.0.1-hp'
ac_ct_CC='gcc'
am__EXEEXT_FALSE=''
am__EXEEXT_TRUE='#'
am__fastdepCC_FALSE='#'
am__fastdepCC_TRUE=''
am__include='include'
am__isrc=''
am__leading_dot='.'
am__nodep='_no'
am__quote=''
am__tar='$${TAR-tar} chof - "$$tardir"'
am__untar='$${TAR-tar} xf -'
bindir='${exec_prefix}/bin'
build_alias=''
datadir='${datarootdir}'
datarootdir='${prefix}/share'
docdir='${datarootdir}/doc/${PACKAGE_TARNAME}'
dvidir='${docdir}'
exec_prefix='${prefix}'
host_alias=''
htmldir='${docdir}'
includedir='${prefix}/include'
infodir='${datarootdir}/info'
install_sh='${SHELL} /root/linkloop/linkloop-1.0.1-hp/aux/install-sh'
libdir='${exec_prefix}/lib'
libexecdir='${exec_prefix}/libexec'
localedir='${datarootdir}/locale'
localstatedir='${prefix}/var'
mandir='${datarootdir}/man'
mkdir_p='$(MKDIR_P)'
oldincludedir='/usr/include'
pdfdir='${docdir}'
prefix='/usr/local'
program_transform_name='s,x,x,'
psdir='${docdir}'
sbindir='${exec_prefix}/sbin'
sharedstatedir='${prefix}/com'
sysconfdir='${prefix}/etc'
target_alias=''

## ----------- ##
## confdefs.h. ##
## ----------- ##

/* confdefs.h */
#define PACKAGE_NAME "linkloop"
#define PACKAGE_TARNAME "linkloop"
#define PACKAGE_VERSION "1.0.1-hp"
#define PACKAGE_STRING "linkloop 1.0.1-hp"
#define PACKAGE_BUGREPORT "Dominique.Domet-de-Mont@hp.com"
#define PACKAGE_URL ""
#define PACKAGE "linkloop"
#define VERSION "1.0.1-hp"
#define STDC_HEADERS 1
#define HAVE_SYS_TYPES_H 1
#define HAVE_SYS_STAT_H 1
#define HAVE_STDLIB_H 1
#define HAVE_STRING_H 1
#define HAVE_MEMORY_H 1
#define HAVE_STRINGS_H 1
#define HAVE_INTTYPES_H 1
#define HAVE_STDINT_H 1
#define HAVE_UNISTD_H 1
#define HAVE_ARPA_INET_H 1
#define HAVE_NETINET_IN_H 1
#define HAVE_STDLIB_H 1
#define HAVE_STRING_H 1
#define HAVE_SYS_IOCTL_H 1
#define HAVE_SYS_SOCKET_H 1
#define HAVE_UNISTD_H 1
#define HAVE_ALARM 1
#define HAVE_BZERO 1
#define HAVE_SOCKET 1
#define HAVE_ETHER_HOSTTON 1
#define HAVE_STRTOL 1

configure: exit 0

## ---------------------- ##
## Running config.status. ##
## ---------------------- ##

This file was extended by linkloop config.status 1.0.1-hp, which was
generated by GNU Autoconf 2.69.  Invocation command line was

  CONFIG_FILES    = 
  CONFIG_HEADERS  = 
  CONFIG_LINKS    = 
  CONFIG_COMMANDS = 
  $ ./config.status config.h

on node-2.domain.tld

config.status:864: creating config.h

## ---------------------- ##
## Running config.status. ##
## ---------------------- ##

This file was extended by linkloop config.status 1.0.1-hp, which was
generated by GNU Autoconf 2.69.  Invocation command line was

  CONFIG_FILES    = 
  CONFIG_HEADERS  = 
  CONFIG_LINKS    = 
  CONFIG_COMMANDS = 
  $ ./config.status 

on node-1.domain.tld

config.status:864: creating Makefile
config.status:864: creating config.h
config.status:1045: config.h is unchanged
config.status:1093: executing depfiles commands

## ---------------------- ##
## Running config.status. ##
## ---------------------- ##

This file was extended by linkloop config.status 1.0.1-hp, which was
generated by GNU Autoconf 2.69.  Invocation command line was

  CONFIG_FILES    = 
  CONFIG_HEADERS  = 
  CONFIG_LINKS    = 
  CONFIG_COMMANDS = 
  $ ./config.status Makefile depfiles

on node-2.domain.tld

config.status:864: creating Makefile
config.status:1093: executing depfiles commands
